===========================================================================
 BARON version 15.9.22. Built: WIN-64 Tue Sep 22 09:00:44 EDT 2015

 If you use this software, please cite:
 Tawarmalani, M. and N. V. Sahinidis, A polyhedral
 branch-and-cut approach to global optimization,
 Mathematical Programming, 103(2), 225-249, 2005.

 BARON is a product of The Optimization Firm, LLC. http://www.minlp.com/
 Parts of the BARON software were created at the
 University of Illinois at Urbana-Champaign.
===========================================================================
 This BARON run may utilize the following subsolver(s)
 For LP/MIP: ILOG CPLEX                                      
 For NLP: MINOS, SNOPT, GAMS external NLP, COIN IPOPT with MUMPS and METIS, FILTERSD
===========================================================================
    The options used in solving the problem are as follows:
       maxtime        =  0.3600E+04
       maxiter        =      -1
       numsol         =       1
       firstfeas      =      -1
       cutoff         =  0.1000E+52
       epsa           =  0.1000E-05
       epsr           =  0.1000E-08
       deltaterm      =       0
       deltaa         =  0.1000E+52
       deltar         =  0.1000E+01
       deltat         = -0.1000E+03
       boxtol         =  0.1000E-07
       isoltol        =  0.1000E-03
       absconfeastol  =  0.1000E-04
       relconfeastol  =  0.0000E+00
       absintfeastol  =  0.1000E-04
       relintfeastol  =  0.0000E+00
       results        =       1
       summary        =       1
       times          =       1
       prtimefreq     =  0.3000E+02
       prfreq         = 1000000
       prlevel        =       1
       numprint       =     645
       numprintdual   =      -1
       bpint          =  0.5000E+01
       fraint         =  0.7000E+00
       minint         =  0.1000E-01
       lpsol          =       3
       nlpsol         =      -1
       allowminos     =       1
       allowsnopt     =       1
       allowexternal  =       1
       allowipopt     =       1
       allowfiltersd  =       1
       dolocal        =       1
       numloc         =      20
       locres         =       0
       pdo            =       2
       brvarstra      =       0
       brptstra       =       0
       nodesel        =       0
       compiis        =       0
       iisint         =       1
       iisorder       =      -1
       threads        =       1
===========================================================================
 Doing local search
 Preprocessing found feasible solution with value -82390.2652053     
 Solving bounding LP
 Starting multi-start local search
 Preprocessing found feasible solution with value -95471.8982255     
 Done with local search
===========================================================================
  Iteration    Open nodes         Time (s)    Lower bound      Upper bound
          1             1             0.23    -95969.0         -95471.9    
          1             0             0.30    -95471.9         -95471.9    

 Cleaning up

                         *** Normal completion ***            

 Wall clock time:                     0.30
 Total CPU time used:                 0.30

 Total no. of BaR iterations:       1
 Best solution found at node:      -1
 Max. no. of nodes in memory:       1

 All done
===========================================================================
